╒═══════════════════════════════════════╕
| Linear solver - OA course - ENSL 2017 |
╘═══════════════════════════════════════╛

The input linear program is:

Maximize  -3_x1   +1_x2           +3_x4   +3_x5   -1_x6   +4_x7   +2_x8   -3_x9   +2_x10          -1_x12  -4_x13  +3_x14  +1_x15  -1_x16  +2_x17  +4_x18  -4_x19  +1_x20  
Such that +3_x1   +1_x2   -4_x3   -3_x4   -3_x5   +2_x6   -4_x7   -2_x8   -3_x9   -4_x10  -3_x11  -1_x12          +3_x14  +4_x15  -2_x16  -4_x17  +2_x18  -4_x19  -1_x20  <= -60
          +1_x1   -4_x2   +2_x3   +2_x4   +2_x5   +3_x6   +3_x7   -3_x8   +2_x9   -3_x10  -2_x11  -4_x12  +3_x13          -2_x15  -2_x16  +1_x17  -4_x18  +2_x19  +3_x20  <= -16
          -3_x1   +1_x2   -1_x3   +2_x4   -2_x5   -3_x6   -3_x7   +3_x8   -4_x9                   +2_x12  +3_x13  -3_x14  +2_x15          -2_x17  -2_x18          -2_x20  <= -23
          -3_x1   -4_x2   -4_x3   -3_x4   +3_x5   +2_x6   -4_x7           -1_x9   +4_x10  +4_x11          -4_x13  -1_x14          -4_x16  +4_x17  +4_x18                  <= -5
          -2_x1   -3_x2           -3_x4   +4_x5   -4_x6   +1_x7           -3_x9   +1_x10  -3_x11  +3_x12  +1_x13  +4_x14  +1_x15                  +2_x18  -2_x19  -2_x20  <= -5
          -4_x1   +3_x2   +3_x3   +1_x4   +4_x5   -4_x6   +3_x7   +4_x8   -4_x9           -2_x11  -3_x12  -4_x13  +3_x14  -4_x15          -3_x17          -1_x19  +3_x20  <= -16
          +1_x1   -4_x2   -4_x3   -4_x4   +1_x5   -3_x6   -4_x7   +4_x8           +4_x10  +2_x11  -4_x12  +3_x13  -4_x14  -4_x15  -4_x16  -3_x17  -3_x18  +2_x19  -4_x20  <= -76
          -3_x1   +4_x2           -4_x4   -1_x5   -4_x6   -4_x7   +2_x8   +1_x9   -4_x10  -1_x11  +1_x12  +4_x13  -2_x14  +1_x15  +1_x16  +2_x17  +2_x18  -1_x19  -4_x20  <= -30
          +3_x1   +1_x2   -2_x3   +2_x4   -1_x5   +3_x6   -1_x7   +4_x8   -4_x9   +3_x10          -2_x12          -4_x14          -3_x16  -2_x17  -4_x18  +3_x19          <= -4
          -3_x1   -2_x2   +2_x3   -1_x4   -3_x5   -4_x6   -3_x7   +3_x8   -1_x9   +4_x10  -2_x11  -2_x12  +2_x13  +3_x14  -3_x15  -1_x16  -1_x17  -2_x18  -4_x19  +4_x20  <= -42
          -2_x1   +3_x2   -2_x3   +4_x4   +2_x5   -1_x6   -3_x7           +4_x9   +2_x10  -1_x11  -2_x12  +3_x13  -1_x14  -3_x15          -1_x17  -3_x18  +4_x19  +4_x20  <= -10
          -3_x1   -2_x2   -1_x3   -4_x4   -3_x5   +1_x6           -1_x8   +2_x9           +2_x11  -2_x12  -4_x13  +4_x14  +1_x15          +3_x17  -2_x18  +3_x19  +3_x20  <= -20
          -3_x1   -2_x2   -4_x3                   -1_x6   -4_x7   -2_x8   +1_x9   -3_x10  +2_x11  +4_x12  +3_x13          -1_x15  -3_x16  +4_x17  -4_x18  -3_x19  -2_x20  <= -58
          +2_x1           +1_x3   -1_x4   +3_x5           +2_x7   -2_x8   +4_x9   -1_x10  -3_x11  +2_x12  +4_x13  +1_x14  -4_x15  +4_x16  -3_x17  -3_x18  -3_x19  -1_x20  <= 3
          +4_x1           -3_x3   -2_x4   +4_x5   -2_x6   -1_x7   +1_x8   -3_x9   +2_x10          +2_x12          -4_x14  -3_x15  -3_x16          -4_x18  -2_x19  -3_x20  <= -43
          +3_x1   +2_x2           +2_x4           -3_x6   +4_x7   +4_x8   -1_x9   -1_x10  -1_x11          -1_x13  -3_x14  -4_x15  +3_x16  -2_x17          -2_x19  +4_x20  <= 13
          +2_x1   -4_x2   -1_x3   +3_x4   +4_x5   +3_x6   -2_x7   -2_x8   -1_x9   +3_x10  -1_x11  -3_x12  +3_x13  -4_x14  +4_x15  -3_x16  +2_x17  +3_x18  -1_x19  -4_x20  <= 27
          +1_x1   +4_x2   -4_x3   +3_x4   -1_x5   -3_x6           -2_x8   +1_x9   -2_x10  -3_x11  -1_x12  +2_x13  -3_x14  -3_x15          +2_x17  +2_x18  -4_x19          <= -40
          +3_x1   -4_x2   -3_x3   -1_x4   -2_x5   -1_x6   +2_x7   -1_x8   +1_x9           +2_x11  +3_x12  +2_x13  -4_x14  -3_x15          -4_x17  +1_x18  -2_x19  -2_x20  <= -17
          +1_x1   -3_x2           -2_x4   -2_x5   -4_x6   +4_x7   -4_x8   -3_x9   -1_x10  +1_x11          -1_x13  -4_x14  +2_x15  -2_x16  +4_x17  -3_x18  -4_x19  -3_x20  <= -47
                  -1_x2   -3_x3   -3_x4   -1_x5           +3_x7   +4_x8   -3_x9   -4_x10  -4_x11  -3_x12  +3_x13  +1_x14  -4_x15  +1_x16  -3_x17  -4_x18  +3_x19  -1_x20  <= -59
          -3_x1   +3_x2   +1_x3   -2_x4   -4_x5   -3_x6   -2_x7   +1_x8   -4_x9   +2_x10  +3_x11  +2_x12  +4_x13  -2_x14  +2_x15  -2_x16  -3_x17  -2_x18  +1_x19  +2_x20  <= -4
          -3_x1   -4_x2   +3_x3   +2_x4   -2_x5   -3_x6   -3_x7           -4_x9   +4_x10  -1_x11          -1_x13  +3_x14  +4_x15  +3_x16  -1_x17  -2_x18  -4_x19  +2_x20  <= -5
                  -2_x2   -4_x3   -1_x4           -3_x6   +2_x7   -3_x8   +2_x9   +1_x10          +2_x12  +1_x13  -2_x14  -1_x15  -3_x16  -1_x17  +1_x18  -2_x19  -4_x20  <= -42
          +4_x1   -4_x2   +2_x3   +3_x4   +4_x5   -3_x6   -1_x7   +1_x8   +1_x9   -4_x10          -3_x12  -2_x13  +1_x14          -4_x16          -3_x18          -3_x20  <= -48
          -1_x1   -3_x2   -4_x3   +1_x4   -1_x5   +2_x6   -1_x7   -4_x8           -1_x10  +4_x11  -1_x12  -3_x13  -3_x14  +4_x15  -2_x16                  -2_x19  -1_x20  <= -26
          -3_x1   -4_x2   -2_x3   -3_x4   +4_x5   -2_x6           -3_x8           +3_x10  +2_x11  +2_x12  +2_x13  +3_x14  +3_x15  -3_x16  -2_x17          -1_x19  -3_x20  <= -3
          -3_x1   +4_x2   +3_x3   -2_x4   +4_x5   -2_x6   -4_x7           -2_x9   -3_x10  -1_x11  -3_x12          -4_x14  -1_x15  +4_x16  -1_x17  -3_x18  +4_x19  +3_x20  <= -26
          +4_x1   -2_x2   -4_x3   -1_x4           +4_x6   +4_x7   +1_x8   -3_x9   +2_x10  -4_x11  +4_x12          +4_x14  -1_x15  -4_x16  +3_x17  -4_x18  +2_x19  -3_x20  <= -4
          +2_x1   -4_x2   -3_x3   +4_x4           -2_x6   -2_x7   +4_x8   -3_x9   +4_x10                  +3_x13  -1_x14  +2_x15  +3_x16  +2_x17                  -2_x20  <= 34
          x_1, x_2, x_3, x_4, x_5, x_6, x_7, x_8, x_9, x_10, x_11, x_12, x_13, x_14, x_15, x_16, x_17, x_18, x_19, x_20 are non-negative

This linear program has an UNBOUNDED solution.
